Performing C SOURCE FILE Test CMAKE_HAVE_LIBC_PTHREAD failed with the following output:
Change Dir: /home/matt/Desktop/C++/LinkedList/build/CMakeFiles/CMakeScratch/TryCompile-La8oOr

Run Build Command(s):/usr/bin/make -f Makefile cmTC_d4788/fast && /usr/bin/make  -f CMakeFiles/cmTC_d4788.dir/build.make CMakeFiles/cmTC_d4788.dir/build
make[1]: Entering directory '/home/matt/Desktop/C++/LinkedList/build/CMakeFiles/CMakeScratch/TryCompile-La8oOr'
Building C object CMakeFiles/cmTC_d4788.dir/src.c.o
/usr/bin/gcc -DCMAKE_HAVE_LIBC_PTHREAD  -fPIE -o CMakeFiles/cmTC_d4788.dir/src.c.o -c /home/matt/Desktop/C++/LinkedList/build/CMakeFiles/CMakeScratch/TryCompile-La8oOr/src.c
Linking C executable cmTC_d4788
/usr/local/bin/cmake -E cmake_link_script CMakeFiles/cmTC_d4788.dir/link.txt --verbose=1
/usr/bin/gcc CMakeFiles/cmTC_d4788.dir/src.c.o -o cmTC_d4788 
CMakeFiles/cmTC_d4788.dir/src.c.o: In function `main':
src.c:(.text+0x3e): undefined reference to `pthread_create'
src.c:(.text+0x4a): undefined reference to `pthread_detach'
src.c:(.text+0x56): undefined reference to `pthread_cancel'
src.c:(.text+0x67): undefined reference to `pthread_join'
src.c:(.text+0x7b): undefined reference to `pthread_atfork'
collect2: error: ld returned 1 exit status
CMakeFiles/cmTC_d4788.dir/build.make:98: recipe for target 'cmTC_d4788' failed
make[1]: *** [cmTC_d4788] Error 1
make[1]: Leaving directory '/home/matt/Desktop/C++/LinkedList/build/CMakeFiles/CMakeScratch/TryCompile-La8oOr'
Makefile:127: recipe for target 'cmTC_d4788/fast' failed
make: *** [cmTC_d4788/fast] Error 2


Source file was:
#include <pthread.h>

static void* test_func(void* data)
{
  return data;
}

int main(void)
{
  pthread_t thread;
  pthread_create(&thread, NULL, test_func, NULL);
  pthread_detach(thread);
  pthread_cancel(thread);
  pthread_join(thread, NULL);
  pthread_atfork(NULL, NULL, NULL);
  pthread_exit(NULL);

  return 0;
}


Determining if the function pthread_create exists in the pthreads failed with the following output:
Change Dir: /home/matt/Desktop/C++/LinkedList/build/CMakeFiles/CMakeScratch/TryCompile-yOchaA

Run Build Command(s):/usr/bin/make -f Makefile cmTC_c86de/fast && /usr/bin/make  -f CMakeFiles/cmTC_c86de.dir/build.make CMakeFiles/cmTC_c86de.dir/build
make[1]: Entering directory '/home/matt/Desktop/C++/LinkedList/build/CMakeFiles/CMakeScratch/TryCompile-yOchaA'
Building C object CMakeFiles/cmTC_c86de.dir/CheckFunctionExists.c.o
/usr/bin/gcc   -DCHECK_FUNCTION_EXISTS=pthread_create -fPIE -o CMakeFiles/cmTC_c86de.dir/CheckFunctionExists.c.o -c /home/matt/Desktop/C++/LinkedList/build/CMakeFiles/CMakeScratch/TryCompile-yOchaA/CheckFunctionExists.c
Linking C executable cmTC_c86de
/usr/local/bin/cmake -E cmake_link_script CMakeFiles/cmTC_c86de.dir/link.txt --verbose=1
/usr/bin/gcc  -DCHECK_FUNCTION_EXISTS=pthread_create CMakeFiles/cmTC_c86de.dir/CheckFunctionExists.c.o -o cmTC_c86de  -lpthreads 
/usr/bin/ld: cannot find -lpthreads
collect2: error: ld returned 1 exit status
CMakeFiles/cmTC_c86de.dir/build.make:98: recipe for target 'cmTC_c86de' failed
make[1]: *** [cmTC_c86de] Error 1
make[1]: Leaving directory '/home/matt/Desktop/C++/LinkedList/build/CMakeFiles/CMakeScratch/TryCompile-yOchaA'
Makefile:127: recipe for target 'cmTC_c86de/fast' failed
make: *** [cmTC_c86de/fast] Error 2



